Debug|Reading config...
Debug|Reading referenced images from 'C:\Users\Sanjay\Google Drive\Watchfaces\Pixate\precomp\red ita mmdd'
Trace|Loading resources for 2 'Background'
Trace|Loading resources for 2.1 'Image'
Trace|Loading image 0...
Trace|File C:\Users\Sanjay\Google Drive\Watchfaces\Pixate\precomp\red ita mmdd\0000.png doesn't exists.
Trace|Image was loaded from file C:\Users\Sanjay\Google Drive\Watchfaces\Pixate\precomp\red ita mmdd\000.png
Trace|Loading resources for 3 'Time'
Trace|Loading resources for 3.1 'TwoDigits'
Trace|Loading resources for 3.1.1 'ImageSet'
Trace|Loading image 1...
Trace|File C:\Users\Sanjay\Google Drive\Watchfaces\Pixate\precomp\red ita mmdd\0001.png doesn't exists.
Trace|Image was loaded from file C:\Users\Sanjay\Google Drive\Watchfaces\Pixate\precomp\red ita mmdd\001.png
Trace|Loading image 2...
Trace|File C:\Users\Sanjay\Google Drive\Watchfaces\Pixate\precomp\red ita mmdd\0002.png doesn't exists.
Trace|Image was loaded from file C:\Users\Sanjay\Google Drive\Watchfaces\Pixate\precomp\red ita mmdd\002.png
Trace|Loading image 3...
Trace|File C:\Users\Sanjay\Google Drive\Watchfaces\Pixate\precomp\red ita mmdd\0003.png doesn't exists.
Trace|Image was loaded from file C:\Users\Sanjay\Google Drive\Watchfaces\Pixate\precomp\red ita mmdd\003.png
Trace|Loading resources for 3.1.2 'ImageSet'
Trace|Loading image 4...
Trace|File C:\Users\Sanjay\Google Drive\Watchfaces\Pixate\precomp\red ita mmdd\0004.png doesn't exists.
Trace|Image was loaded from file C:\Users\Sanjay\Google Drive\Watchfaces\Pixate\precomp\red ita mmdd\004.png
Trace|Loading image 5...
Trace|File C:\Users\Sanjay\Google Drive\Watchfaces\Pixate\precomp\red ita mmdd\0005.png doesn't exists.
Trace|Image was loaded from file C:\Users\Sanjay\Google Drive\Watchfaces\Pixate\precomp\red ita mmdd\005.png
Trace|Loading image 6...
Trace|File C:\Users\Sanjay\Google Drive\Watchfaces\Pixate\precomp\red ita mmdd\0006.png doesn't exists.
Trace|Image was loaded from file C:\Users\Sanjay\Google Drive\Watchfaces\Pixate\precomp\red ita mmdd\006.png
Trace|Loading image 7...
Trace|File C:\Users\Sanjay\Google Drive\Watchfaces\Pixate\precomp\red ita mmdd\0007.png doesn't exists.
Trace|Image was loaded from file C:\Users\Sanjay\Google Drive\Watchfaces\Pixate\precomp\red ita mmdd\007.png
Trace|Loading image 8...
Trace|File C:\Users\Sanjay\Google Drive\Watchfaces\Pixate\precomp\red ita mmdd\0008.png doesn't exists.
Trace|Image was loaded from file C:\Users\Sanjay\Google Drive\Watchfaces\Pixate\precomp\red ita mmdd\008.png
Trace|Loading image 9...
Trace|File C:\Users\Sanjay\Google Drive\Watchfaces\Pixate\precomp\red ita mmdd\0009.png doesn't exists.
Trace|Image was loaded from file C:\Users\Sanjay\Google Drive\Watchfaces\Pixate\precomp\red ita mmdd\009.png
Trace|Loading image 10...
Trace|File C:\Users\Sanjay\Google Drive\Watchfaces\Pixate\precomp\red ita mmdd\0010.png doesn't exists.
Trace|Image was loaded from file C:\Users\Sanjay\Google Drive\Watchfaces\Pixate\precomp\red ita mmdd\010.png
Trace|Loading resources for 3.2 'TwoDigits'
Trace|Loading resources for 3.2.1 'ImageSet'
Trace|Loading resources for 3.2.2 'ImageSet'
Trace|Loading resources for 5 'Date'
Trace|Loading resources for 5.1 'MonthAndDay'
Trace|Loading resources for 5.1.1 'SeparateMonthAndDay'
Trace|Loading resources for 5.1.1.1 'Number'
Trace|Loading resources for 5.1.1.1.5 'TextAlignment'
Trace|Loading image 11...
Trace|File C:\Users\Sanjay\Google Drive\Watchfaces\Pixate\precomp\red ita mmdd\0011.png doesn't exists.
Trace|Image was loaded from file C:\Users\Sanjay\Google Drive\Watchfaces\Pixate\precomp\red ita mmdd\011.png
Trace|Loading image 12...
Trace|File C:\Users\Sanjay\Google Drive\Watchfaces\Pixate\precomp\red ita mmdd\0012.png doesn't exists.
Trace|Image was loaded from file C:\Users\Sanjay\Google Drive\Watchfaces\Pixate\precomp\red ita mmdd\012.png
Trace|Loading image 13...
Trace|File C:\Users\Sanjay\Google Drive\Watchfaces\Pixate\precomp\red ita mmdd\0013.png doesn't exists.
Trace|Image was loaded from file C:\Users\Sanjay\Google Drive\Watchfaces\Pixate\precomp\red ita mmdd\013.png
Trace|Loading image 14...
Trace|File C:\Users\Sanjay\Google Drive\Watchfaces\Pixate\precomp\red ita mmdd\0014.png doesn't exists.
Trace|Image was loaded from file C:\Users\Sanjay\Google Drive\Watchfaces\Pixate\precomp\red ita mmdd\014.png
Trace|Loading image 15...
Trace|File C:\Users\Sanjay\Google Drive\Watchfaces\Pixate\precomp\red ita mmdd\0015.png doesn't exists.
Trace|Image was loaded from file C:\Users\Sanjay\Google Drive\Watchfaces\Pixate\precomp\red ita mmdd\015.png
Trace|Loading image 16...
Trace|File C:\Users\Sanjay\Google Drive\Watchfaces\Pixate\precomp\red ita mmdd\0016.png doesn't exists.
Trace|Image was loaded from file C:\Users\Sanjay\Google Drive\Watchfaces\Pixate\precomp\red ita mmdd\016.png
Trace|Loading image 17...
Trace|File C:\Users\Sanjay\Google Drive\Watchfaces\Pixate\precomp\red ita mmdd\0017.png doesn't exists.
Trace|Image was loaded from file C:\Users\Sanjay\Google Drive\Watchfaces\Pixate\precomp\red ita mmdd\017.png
Trace|Loading image 18...
Trace|File C:\Users\Sanjay\Google Drive\Watchfaces\Pixate\precomp\red ita mmdd\0018.png doesn't exists.
Trace|Image was loaded from file C:\Users\Sanjay\Google Drive\Watchfaces\Pixate\precomp\red ita mmdd\018.png
Trace|Loading image 19...
Trace|File C:\Users\Sanjay\Google Drive\Watchfaces\Pixate\precomp\red ita mmdd\0019.png doesn't exists.
Trace|Image was loaded from file C:\Users\Sanjay\Google Drive\Watchfaces\Pixate\precomp\red ita mmdd\019.png
Trace|Loading image 20...
Trace|File C:\Users\Sanjay\Google Drive\Watchfaces\Pixate\precomp\red ita mmdd\0020.png doesn't exists.
Trace|Image was loaded from file C:\Users\Sanjay\Google Drive\Watchfaces\Pixate\precomp\red ita mmdd\020.png
Trace|Loading resources for 5.1.1.3 'Number'
Trace|Loading resources for 5.1.1.3.5 'TextAlignment'
Trace|Loading resources for 5.1.3 'Boolean'
Trace|Loading resources for 5.1.4 'Boolean'
Trace|Loading resources for 5.2 'ImageSet'
Trace|Loading image 21...
Trace|File C:\Users\Sanjay\Google Drive\Watchfaces\Pixate\precomp\red ita mmdd\0021.png doesn't exists.
Trace|Image was loaded from file C:\Users\Sanjay\Google Drive\Watchfaces\Pixate\precomp\red ita mmdd\021.png
Trace|Loading image 22...
Trace|File C:\Users\Sanjay\Google Drive\Watchfaces\Pixate\precomp\red ita mmdd\0022.png doesn't exists.
Trace|Image was loaded from file C:\Users\Sanjay\Google Drive\Watchfaces\Pixate\precomp\red ita mmdd\022.png
Trace|Loading image 23...
Trace|File C:\Users\Sanjay\Google Drive\Watchfaces\Pixate\precomp\red ita mmdd\0023.png doesn't exists.
Trace|Image was loaded from file C:\Users\Sanjay\Google Drive\Watchfaces\Pixate\precomp\red ita mmdd\023.png
Trace|Loading image 24...
Trace|File C:\Users\Sanjay\Google Drive\Watchfaces\Pixate\precomp\red ita mmdd\0024.png doesn't exists.
Trace|Image was loaded from file C:\Users\Sanjay\Google Drive\Watchfaces\Pixate\precomp\red ita mmdd\024.png
Trace|Loading image 25...
Trace|File C:\Users\Sanjay\Google Drive\Watchfaces\Pixate\precomp\red ita mmdd\0025.png doesn't exists.
Trace|Image was loaded from file C:\Users\Sanjay\Google Drive\Watchfaces\Pixate\precomp\red ita mmdd\025.png
Trace|Loading image 26...
Trace|File C:\Users\Sanjay\Google Drive\Watchfaces\Pixate\precomp\red ita mmdd\0026.png doesn't exists.
Trace|Image was loaded from file C:\Users\Sanjay\Google Drive\Watchfaces\Pixate\precomp\red ita mmdd\026.png
Trace|Loading image 27...
Trace|File C:\Users\Sanjay\Google Drive\Watchfaces\Pixate\precomp\red ita mmdd\0027.png doesn't exists.
Trace|Image was loaded from file C:\Users\Sanjay\Google Drive\Watchfaces\Pixate\precomp\red ita mmdd\027.png
Trace|Loading image 28...
Trace|File C:\Users\Sanjay\Google Drive\Watchfaces\Pixate\precomp\red ita mmdd\0028.png doesn't exists.
Trace|Image was loaded from file C:\Users\Sanjay\Google Drive\Watchfaces\Pixate\precomp\red ita mmdd\028.png
Trace|Loading image 29...
Trace|File C:\Users\Sanjay\Google Drive\Watchfaces\Pixate\precomp\red ita mmdd\0029.png doesn't exists.
Trace|Image was loaded from file C:\Users\Sanjay\Google Drive\Watchfaces\Pixate\precomp\red ita mmdd\029.png
Trace|Loading image 30...
Trace|File C:\Users\Sanjay\Google Drive\Watchfaces\Pixate\precomp\red ita mmdd\0030.png doesn't exists.
Trace|Image was loaded from file C:\Users\Sanjay\Google Drive\Watchfaces\Pixate\precomp\red ita mmdd\030.png
Trace|Loading image 31...
Trace|File C:\Users\Sanjay\Google Drive\Watchfaces\Pixate\precomp\red ita mmdd\0031.png doesn't exists.
Trace|Image was loaded from file C:\Users\Sanjay\Google Drive\Watchfaces\Pixate\precomp\red ita mmdd\031.png
Trace|Loading image 32...
Trace|File C:\Users\Sanjay\Google Drive\Watchfaces\Pixate\precomp\red ita mmdd\0032.png doesn't exists.
Trace|Image was loaded from file C:\Users\Sanjay\Google Drive\Watchfaces\Pixate\precomp\red ita mmdd\032.png
Trace|Loading image 33...
Trace|File C:\Users\Sanjay\Google Drive\Watchfaces\Pixate\precomp\red ita mmdd\0033.png doesn't exists.
Trace|Image was loaded from file C:\Users\Sanjay\Google Drive\Watchfaces\Pixate\precomp\red ita mmdd\033.png
Trace|Loading image 34...
Trace|File C:\Users\Sanjay\Google Drive\Watchfaces\Pixate\precomp\red ita mmdd\0034.png doesn't exists.
Trace|Image was loaded from file C:\Users\Sanjay\Google Drive\Watchfaces\Pixate\precomp\red ita mmdd\034.png
Trace|Loading image 35...
Trace|File C:\Users\Sanjay\Google Drive\Watchfaces\Pixate\precomp\red ita mmdd\0035.png doesn't exists.
Trace|Image was loaded from file C:\Users\Sanjay\Google Drive\Watchfaces\Pixate\precomp\red ita mmdd\035.png
Trace|Loading image 36...
Trace|File C:\Users\Sanjay\Google Drive\Watchfaces\Pixate\precomp\red ita mmdd\0036.png doesn't exists.
Trace|Image was loaded from file C:\Users\Sanjay\Google Drive\Watchfaces\Pixate\precomp\red ita mmdd\036.png
Trace|Loading image 37...
Trace|File C:\Users\Sanjay\Google Drive\Watchfaces\Pixate\precomp\red ita mmdd\0037.png doesn't exists.
Trace|Image was loaded from file C:\Users\Sanjay\Google Drive\Watchfaces\Pixate\precomp\red ita mmdd\037.png
Trace|Loading image 38...
Trace|File C:\Users\Sanjay\Google Drive\Watchfaces\Pixate\precomp\red ita mmdd\0038.png doesn't exists.
Trace|Image was loaded from file C:\Users\Sanjay\Google Drive\Watchfaces\Pixate\precomp\red ita mmdd\038.png
Trace|Loading image 39...
Trace|File C:\Users\Sanjay\Google Drive\Watchfaces\Pixate\precomp\red ita mmdd\0039.png doesn't exists.
Trace|Image was loaded from file C:\Users\Sanjay\Google Drive\Watchfaces\Pixate\precomp\red ita mmdd\039.png
Trace|Loading image 40...
Trace|File C:\Users\Sanjay\Google Drive\Watchfaces\Pixate\precomp\red ita mmdd\0040.png doesn't exists.
Trace|Image was loaded from file C:\Users\Sanjay\Google Drive\Watchfaces\Pixate\precomp\red ita mmdd\040.png
Trace|Loading image 41...
Trace|File C:\Users\Sanjay\Google Drive\Watchfaces\Pixate\precomp\red ita mmdd\0041.png doesn't exists.
Trace|Image was loaded from file C:\Users\Sanjay\Google Drive\Watchfaces\Pixate\precomp\red ita mmdd\041.png
Trace|Loading resources for 7 'StepsProgress'
Trace|Loading resources for 7.2 'Scale'
Trace|Loading image 42...
Trace|File C:\Users\Sanjay\Google Drive\Watchfaces\Pixate\precomp\red ita mmdd\0042.png doesn't exists.
Trace|Image was loaded from file C:\Users\Sanjay\Google Drive\Watchfaces\Pixate\precomp\red ita mmdd\042.png
Trace|Loading image 43...
Trace|File C:\Users\Sanjay\Google Drive\Watchfaces\Pixate\precomp\red ita mmdd\0043.png doesn't exists.
Trace|Image was loaded from file C:\Users\Sanjay\Google Drive\Watchfaces\Pixate\precomp\red ita mmdd\043.png
Trace|Loading image 44...
Trace|File C:\Users\Sanjay\Google Drive\Watchfaces\Pixate\precomp\red ita mmdd\0044.png doesn't exists.
Trace|Image was loaded from file C:\Users\Sanjay\Google Drive\Watchfaces\Pixate\precomp\red ita mmdd\044.png
Trace|Loading image 45...
Trace|File C:\Users\Sanjay\Google Drive\Watchfaces\Pixate\precomp\red ita mmdd\0045.png doesn't exists.
Trace|Image was loaded from file C:\Users\Sanjay\Google Drive\Watchfaces\Pixate\precomp\red ita mmdd\045.png
Trace|Loading image 46...
Trace|File C:\Users\Sanjay\Google Drive\Watchfaces\Pixate\precomp\red ita mmdd\0046.png doesn't exists.
Trace|Image was loaded from file C:\Users\Sanjay\Google Drive\Watchfaces\Pixate\precomp\red ita mmdd\046.png
Trace|Loading image 47...
Trace|File C:\Users\Sanjay\Google Drive\Watchfaces\Pixate\precomp\red ita mmdd\0047.png doesn't exists.
Trace|Image was loaded from file C:\Users\Sanjay\Google Drive\Watchfaces\Pixate\precomp\red ita mmdd\047.png
Trace|Loading image 48...
Trace|File C:\Users\Sanjay\Google Drive\Watchfaces\Pixate\precomp\red ita mmdd\0048.png doesn't exists.
Trace|Image was loaded from file C:\Users\Sanjay\Google Drive\Watchfaces\Pixate\precomp\red ita mmdd\048.png
Trace|Loading image 49...
Trace|File C:\Users\Sanjay\Google Drive\Watchfaces\Pixate\precomp\red ita mmdd\0049.png doesn't exists.
Trace|Image was loaded from file C:\Users\Sanjay\Google Drive\Watchfaces\Pixate\precomp\red ita mmdd\049.png
Trace|Loading image 50...
Trace|File C:\Users\Sanjay\Google Drive\Watchfaces\Pixate\precomp\red ita mmdd\0050.png doesn't exists.
Trace|Image was loaded from file C:\Users\Sanjay\Google Drive\Watchfaces\Pixate\precomp\red ita mmdd\050.png
Trace|Loading image 51...
Trace|File C:\Users\Sanjay\Google Drive\Watchfaces\Pixate\precomp\red ita mmdd\0051.png doesn't exists.
Trace|Image was loaded from file C:\Users\Sanjay\Google Drive\Watchfaces\Pixate\precomp\red ita mmdd\051.png
Trace|Loading resources for 8 'Status'
Trace|Loading resources for 8.3 'Switch'
Trace|Loading resources for 8.3.1 'Coordinates'
Trace|Loading resources for 8.3.1.4 'TextAlignment'
Trace|Loading image 61...
Trace|File C:\Users\Sanjay\Google Drive\Watchfaces\Pixate\precomp\red ita mmdd\0061.png doesn't exists.
Trace|Image was loaded from file C:\Users\Sanjay\Google Drive\Watchfaces\Pixate\precomp\red ita mmdd\061.png
Trace|Loading resources for 8.4 'Battery'
Trace|Loading resources for 8.4.1 'BatteryCfg'
Trace|Loading resources for 8.4.1.2 'TextAlignment'
Trace|Loading resources for 8.4.3 'ImageSet'
Trace|Loading image 52...
Trace|File C:\Users\Sanjay\Google Drive\Watchfaces\Pixate\precomp\red ita mmdd\0052.png doesn't exists.
Trace|Image was loaded from file C:\Users\Sanjay\Google Drive\Watchfaces\Pixate\precomp\red ita mmdd\052.png
Trace|Loading image 53...
Trace|File C:\Users\Sanjay\Google Drive\Watchfaces\Pixate\precomp\red ita mmdd\0053.png doesn't exists.
Trace|Image was loaded from file C:\Users\Sanjay\Google Drive\Watchfaces\Pixate\precomp\red ita mmdd\053.png
Trace|Loading image 54...
Trace|File C:\Users\Sanjay\Google Drive\Watchfaces\Pixate\precomp\red ita mmdd\0054.png doesn't exists.
Trace|Image was loaded from file C:\Users\Sanjay\Google Drive\Watchfaces\Pixate\precomp\red ita mmdd\054.png
Trace|Loading image 55...
Trace|File C:\Users\Sanjay\Google Drive\Watchfaces\Pixate\precomp\red ita mmdd\0055.png doesn't exists.
Trace|Image was loaded from file C:\Users\Sanjay\Google Drive\Watchfaces\Pixate\precomp\red ita mmdd\055.png
Trace|Loading image 56...
Trace|File C:\Users\Sanjay\Google Drive\Watchfaces\Pixate\precomp\red ita mmdd\0056.png doesn't exists.
Trace|Image was loaded from file C:\Users\Sanjay\Google Drive\Watchfaces\Pixate\precomp\red ita mmdd\056.png
Trace|Loading image 57...
Trace|File C:\Users\Sanjay\Google Drive\Watchfaces\Pixate\precomp\red ita mmdd\0057.png doesn't exists.
Trace|Image was loaded from file C:\Users\Sanjay\Google Drive\Watchfaces\Pixate\precomp\red ita mmdd\057.png
Trace|Loading image 58...
Trace|File C:\Users\Sanjay\Google Drive\Watchfaces\Pixate\precomp\red ita mmdd\0058.png doesn't exists.
Trace|Image was loaded from file C:\Users\Sanjay\Google Drive\Watchfaces\Pixate\precomp\red ita mmdd\058.png
Trace|Loading image 59...
Trace|File C:\Users\Sanjay\Google Drive\Watchfaces\Pixate\precomp\red ita mmdd\0059.png doesn't exists.
Trace|Image was loaded from file C:\Users\Sanjay\Google Drive\Watchfaces\Pixate\precomp\red ita mmdd\059.png
Trace|Loading image 60...
Trace|File C:\Users\Sanjay\Google Drive\Watchfaces\Pixate\precomp\red ita mmdd\0060.png doesn't exists.
Trace|Image was loaded from file C:\Users\Sanjay\Google Drive\Watchfaces\Pixate\precomp\red ita mmdd\060.png
Trace|Building parameters for watch face...
Trace|2.1.1 'X': 0
Trace|2.1.2 'Y': 0
Trace|2.1.3 'ImageIndex': 0
Trace|2.1 'Image'
Trace|2 'Background'
Trace|3.1.1.1 'X': 17
Trace|3.1.1.2 'Y': 36
Trace|3.1.1.3 'ImageIndex': 1
Trace|3.1.1.4 'ImagesCount': 3
Trace|3.1.1 'Tens'
Trace|3.1.2.1 'X': 61
Trace|3.1.2.2 'Y': 36
Trace|3.1.2.3 'ImageIndex': 1
Trace|3.1.2.4 'ImagesCount': 10
Trace|3.1.2 'Ones'
Trace|3.1 'Hours'
Trace|3.2.1.1 'X': 17
Trace|3.2.1.2 'Y': 111
Trace|3.2.1.3 'ImageIndex': 1
Trace|3.2.1.4 'ImagesCount': 6
Trace|3.2.1 'Tens'
Trace|3.2.2.1 'X': 61
Trace|3.2.2.2 'Y': 111
Trace|3.2.2.3 'ImageIndex': 1
Trace|3.2.2.4 'ImagesCount': 10
Trace|3.2.2 'Ones'
Trace|3.2 'Minutes'
Trace|3 'Time'
Trace|5.1.1.1.1 'TopLeftX': 56
Trace|5.1.1.1.2 'TopLeftY': 193
Trace|5.1.1.1.3 'BottomRightX': 68
Trace|5.1.1.1.4 'BottomRightY': 206
Trace|5.1.1.1.5 'Alignment': 72
Trace|5.1.1.1.6 'Spacing': -2
Trace|5.1.1.1.7 'ImageIndex': 11
Trace|5.1.1.1.8 'ImagesCount': 10
Trace|5.1.1.1 'Month'
Trace|5.1.1.3.1 'TopLeftX': 80
Trace|5.1.1.3.2 'TopLeftY': 193
Trace|5.1.1.3.3 'BottomRightX': 92
Trace|5.1.1.3.4 'BottomRightY': 206
Trace|5.1.1.3.5 'Alignment': 72
Trace|5.1.1.3.6 'Spacing': -2
Trace|5.1.1.3.7 'ImageIndex': 11
Trace|5.1.1.3.8 'ImagesCount': 10
Trace|5.1.1.3 'Day'
Trace|5.1.1 'Separate'
Trace|5.1.3 'TwoDigitsMonth': 1
Trace|5.1.4 'TwoDigitsDay': 1
Trace|5.1 'MonthAndDay'
Trace|5.2.1 'X': 20
Trace|5.2.2 'Y': 193
Trace|5.2.3 'ImageIndex': 21
Trace|5.2.4 'ImagesCount': 21
Trace|5.2 'WeekDay'
Trace|5 'Date'
Trace|7.2.1 'StartImageIndex': 42
Trace|7.2.2 'Segments'
Trace|7.2.2.1 'X': 79
Trace|7.2.2.2 'Y': 226
Trace|7.2.2 'Segments'
Trace|7.2.2.1 'X': 81
Trace|7.2.2.2 'Y': 222
Trace|7.2.2 'Segments'
Trace|7.2.2.1 'X': 85
Trace|7.2.2.2 'Y': 218
Trace|7.2.2 'Segments'
Trace|7.2.2.1 'X': 89
Trace|7.2.2.2 'Y': 215
Trace|7.2.2 'Segments'
Trace|7.2.2.1 'X': 92
Trace|7.2.2.2 'Y': 211
Trace|7.2.2 'Segments'
Trace|7.2.2.1 'X': 96
Trace|7.2.2.2 'Y': 208
Trace|7.2.2 'Segments'
Trace|7.2.2.1 'X': 99
Trace|7.2.2.2 'Y': 204
Trace|7.2.2 'Segments'
Trace|7.2.2.1 'X': 103
Trace|7.2.2.2 'Y': 200
Trace|7.2.2 'Segments'
Trace|7.2.2.1 'X': 107
Trace|7.2.2.2 'Y': 196
Trace|7.2.2 'Segments'
Trace|7.2.2.1 'X': 111
Trace|7.2.2.2 'Y': 193
Trace|7.2 'Linear'
Trace|7 'StepsProgress'
Trace|8.3.1.1 'X': 12
Trace|8.3.1.2 'Y': 12
Trace|8.3.1.3 'BoxWidth': 0
Trace|8.3.1.4 'Alignment': 0
Trace|8.3.1.5 'Order': 1
Trace|8.3.1 'Coordinates'
Trace|8.3.3 'ImageIndexOff': 61
Trace|8.3 'Bluetooth'
Trace|8.4.1.1 'BoxWidth': 0
Trace|8.4.1.2 'Alignment': 0
Trace|8.4.1.3 'Order': 0
Trace|8.4.1 'BatteryConfig'
Trace|8.4.3.1 'X': 68
Trace|8.4.3.2 'Y': 8
Trace|8.4.3.3 'ImageIndex': 52
Trace|8.4.3.4 'ImagesCount': 9
Trace|8.4.3 'Icon'
Trace|8.4 'Battery'
Trace|8 'Status'
Debug|Generating previews...
Debug|Writing watch face to 'C:\Users\Sanjay\Google Drive\Watchfaces\Pixate\precomp\red ita mmdd\red ita mmdd.json_packed.bin'
Trace|Encoding parameters...
Trace|Parameter: 2
Trace|1 (0A):
Trace|    1 (08): 0 (00)
Trace|    2 (10): 0 (00)
Trace|    3 (18): 0 (00)
Trace|8 bytes
Trace|Parameter: 3
Trace|1 (0A):
Trace|    1 (0A):
Trace|        1 (08): 17 (11)
Trace|        2 (10): 36 (24)
Trace|        3 (18): 1 (01)
Trace|        4 (20): 3 (03)
Trace|    10 bytes
Trace|    2 (12):
Trace|        1 (08): 61 (3D)
Trace|        2 (10): 36 (24)
Trace|        3 (18): 1 (01)
Trace|        4 (20): 10 (0A)
Trace|    10 bytes
Trace|22 bytes
Trace|2 (12):
Trace|    1 (0A):
Trace|        1 (08): 17 (11)
Trace|        2 (10): 111 (6F)
Trace|        3 (18): 1 (01)
Trace|        4 (20): 6 (06)
Trace|    10 bytes
Trace|    2 (12):
Trace|        1 (08): 61 (3D)
Trace|        2 (10): 111 (6F)
Trace|        3 (18): 1 (01)
Trace|        4 (20): 10 (0A)
Trace|    10 bytes
Trace|22 bytes
Trace|Parameter: 5
Trace|1 (0A):
Trace|    1 (0A):
Trace|        1 (0A):
Trace|            1 (08): 56 (38)
Trace|            2 (10): 193 (C1)
Trace|            3 (18): 68 (44)
Trace|            4 (20): 206 (CE)
Trace|            5 (28): 72 (48)
Trace|            6 (30): -2 (FFFFFFFFFFFFFFFE)
Trace|            7 (38): 11 (0B)
Trace|            8 (40): 10 (0A)
Trace|        29 bytes
Trace|        3 (1A):
Trace|            1 (08): 80 (50)
Trace|            2 (10): 193 (C1)
Trace|            3 (18): 92 (5C)
Trace|            4 (20): 206 (CE)
Trace|            5 (28): 72 (48)
Trace|            6 (30): -2 (FFFFFFFFFFFFFFFE)
Trace|            7 (38): 11 (0B)
Trace|            8 (40): 10 (0A)
Trace|        29 bytes
Trace|    60 bytes
Trace|    3 (18): 1 (01)
Trace|    4 (20): 1 (01)
Trace|66 bytes
Trace|2 (12):
Trace|    1 (08): 20 (14)
Trace|    2 (10): 193 (C1)
Trace|    3 (18): 21 (15)
Trace|    4 (20): 21 (15)
Trace|11 bytes
Trace|Parameter: 7
Trace|2 (12):
Trace|    1 (08): 42 (2A)
Trace|    2 (12):
Trace|        1 (08): 79 (4F)
Trace|        2 (10): 226 (E2)
Trace|    7 bytes
Trace|    2 (12):
Trace|        1 (08): 81 (51)
Trace|        2 (10): 222 (DE)
Trace|    7 bytes
Trace|    2 (12):
Trace|        1 (08): 85 (55)
Trace|        2 (10): 218 (DA)
Trace|    7 bytes
Trace|    2 (12):
Trace|        1 (08): 89 (59)
Trace|        2 (10): 215 (D7)
Trace|    7 bytes
Trace|    2 (12):
Trace|        1 (08): 92 (5C)
Trace|        2 (10): 211 (D3)
Trace|    7 bytes
Trace|    2 (12):
Trace|        1 (08): 96 (60)
Trace|        2 (10): 208 (D0)
Trace|    7 bytes
Trace|    2 (12):
Trace|        1 (08): 99 (63)
Trace|        2 (10): 204 (CC)
Trace|    7 bytes
Trace|    2 (12):
Trace|        1 (08): 103 (67)
Trace|        2 (10): 200 (C8)
Trace|    7 bytes
Trace|    2 (12):
Trace|        1 (08): 107 (6B)
Trace|        2 (10): 196 (C4)
Trace|    7 bytes
Trace|    2 (12):
Trace|        1 (08): 111 (6F)
Trace|        2 (10): 193 (C1)
Trace|    7 bytes
Trace|74 bytes
Trace|Parameter: 8
Trace|3 (1A):
Trace|    1 (0A):
Trace|        1 (08): 12 (0C)
Trace|        2 (10): 12 (0C)
Trace|        3 (18): 0 (00)
Trace|        4 (20): 0 (00)
Trace|        5 (28): 1 (01)
Trace|    12 bytes
Trace|    3 (18): 61 (3D)
Trace|16 bytes
Trace|4 (22):
Trace|    1 (0A):
Trace|        1 (08): 0 (00)
Trace|        2 (10): 0 (00)
Trace|        3 (18): 0 (00)
Trace|    8 bytes
Trace|    3 (1A):
Trace|        1 (08): 68 (44)
Trace|        2 (10): 8 (08)
Trace|        3 (18): 52 (34)
Trace|        4 (20): 9 (09)
Trace|    10 bytes
Trace|20 bytes
Trace|Encoding offsets and lengths...
Trace|1 (0A):
Trace|    1 (08): 239 (EF)
Trace|    2 (10): 62 (3E)
Trace|7 bytes
Trace|2 (12):
Trace|    1 (08): 0 (00)
Trace|    2 (10): 8 (08)
Trace|6 bytes
Trace|3 (1A):
Trace|    1 (08): 8 (08)
Trace|    2 (10): 44 (2C)
Trace|6 bytes
Trace|5 (2A):
Trace|    1 (08): 52 (34)
Trace|    2 (10): 77 (4D)
Trace|6 bytes
Trace|7 (3A):
Trace|    1 (08): 129 (81)
Trace|    2 (10): 74 (4A)
Trace|7 bytes
Trace|8 (42):
Trace|    1 (08): 203 (CB)
Trace|    2 (10): 36 (24)
Trace|7 bytes
Trace|Writing header...
Trace|Writing parameters offsets and lengths...
Trace|Writing parameters...
Trace|Writing images...
Trace|Resource 0 offset is 0...
Debug|Encoding resource 0...
Trace|Writing image in Raw mode
Trace|No Transparency image...
Trace|Writing image header...
Trace|Width: 120, Height: 240, RowLength: 240
Trace|BPP: 16, PaletteColors: 0, Transaparency: 0
Trace|Writing image...
Trace|Resource 1 offset is 57616...
Debug|Encoding resource 1...
Trace|Writing image in Raw mode
Trace|Transparency image...
Trace|Writing image header...
Trace|Width: 43, Height: 75, RowLength: 172
Trace|BPP: 32, PaletteColors: 0, Transaparency: 0
Trace|Writing image...
Trace|Resource 2 offset is 70532...
Debug|Encoding resource 2...
Trace|Writing image in Raw mode
Trace|Transparency image...
Trace|Writing image header...
Trace|Width: 43, Height: 75, RowLength: 172
Trace|BPP: 32, PaletteColors: 0, Transaparency: 0
Trace|Writing image...
Trace|Resource 3 offset is 83448...
Debug|Encoding resource 3...
Trace|Writing image in Raw mode
Trace|Transparency image...
Trace|Writing image header...
Trace|Width: 43, Height: 75, RowLength: 172
Trace|BPP: 32, PaletteColors: 0, Transaparency: 0
Trace|Writing image...
Trace|Resource 4 offset is 96364...
Debug|Encoding resource 4...
Trace|Writing image in Raw mode
Trace|Transparency image...
Trace|Writing image header...
Trace|Width: 43, Height: 75, RowLength: 172
Trace|BPP: 32, PaletteColors: 0, Transaparency: 0
Trace|Writing image...
Trace|Resource 5 offset is 109280...
Debug|Encoding resource 5...
Trace|Writing image in Raw mode
Trace|Transparency image...
Trace|Writing image header...
Trace|Width: 43, Height: 75, RowLength: 172
Trace|BPP: 32, PaletteColors: 0, Transaparency: 0
Trace|Writing image...
Trace|Resource 6 offset is 122196...
Debug|Encoding resource 6...
Trace|Writing image in Raw mode
Trace|Transparency image...
Trace|Writing image header...
Trace|Width: 43, Height: 75, RowLength: 172
Trace|BPP: 32, PaletteColors: 0, Transaparency: 0
Trace|Writing image...
Trace|Resource 7 offset is 135112...
Debug|Encoding resource 7...
Trace|Writing image in Raw mode
Trace|Transparency image...
Trace|Writing image header...
Trace|Width: 43, Height: 75, RowLength: 172
Trace|BPP: 32, PaletteColors: 0, Transaparency: 0
Trace|Writing image...
Trace|Resource 8 offset is 148028...
Debug|Encoding resource 8...
Trace|Writing image in Raw mode
Trace|Transparency image...
Trace|Writing image header...
Trace|Width: 43, Height: 75, RowLength: 172
Trace|BPP: 32, PaletteColors: 0, Transaparency: 0
Trace|Writing image...
Trace|Resource 9 offset is 160944...
Debug|Encoding resource 9...
Trace|Writing image in Raw mode
Trace|Transparency image...
Trace|Writing image header...
Trace|Width: 43, Height: 75, RowLength: 172
Trace|BPP: 32, PaletteColors: 0, Transaparency: 0
Trace|Writing image...
Trace|Resource 10 offset is 173860...
Debug|Encoding resource 10...
Trace|Writing image in Raw mode
Trace|Transparency image...
Trace|Writing image header...
Trace|Width: 43, Height: 75, RowLength: 172
Trace|BPP: 32, PaletteColors: 0, Transaparency: 0
Trace|Writing image...
Trace|Resource 11 offset is 186776...
Debug|Encoding resource 11...
Trace|Writing image in Raw mode
Trace|Transparency image...
Trace|Writing image header...
Trace|Width: 12, Height: 13, RowLength: 48
Trace|BPP: 32, PaletteColors: 0, Transaparency: 0
Trace|Writing image...
Trace|Resource 12 offset is 187416...
Debug|Encoding resource 12...
Trace|Writing image in Raw mode
Trace|Transparency image...
Trace|Writing image header...
Trace|Width: 12, Height: 13, RowLength: 48
Trace|BPP: 32, PaletteColors: 0, Transaparency: 0
Trace|Writing image...
Trace|Resource 13 offset is 188056...
Debug|Encoding resource 13...
Trace|Writing image in Raw mode
Trace|Transparency image...
Trace|Writing image header...
Trace|Width: 12, Height: 13, RowLength: 48
Trace|BPP: 32, PaletteColors: 0, Transaparency: 0
Trace|Writing image...
Trace|Resource 14 offset is 188696...
Debug|Encoding resource 14...
Trace|Writing image in Raw mode
Trace|Transparency image...
Trace|Writing image header...
Trace|Width: 12, Height: 13, RowLength: 48
Trace|BPP: 32, PaletteColors: 0, Transaparency: 0
Trace|Writing image...
Trace|Resource 15 offset is 189336...
Debug|Encoding resource 15...
Trace|Writing image in Raw mode
Trace|Transparency image...
Trace|Writing image header...
Trace|Width: 12, Height: 13, RowLength: 48
Trace|BPP: 32, PaletteColors: 0, Transaparency: 0
Trace|Writing image...
Trace|Resource 16 offset is 189976...
Debug|Encoding resource 16...
Trace|Writing image in Raw mode
Trace|Transparency image...
Trace|Writing image header...
Trace|Width: 12, Height: 13, RowLength: 48
Trace|BPP: 32, PaletteColors: 0, Transaparency: 0
Trace|Writing image...
Trace|Resource 17 offset is 190616...
Debug|Encoding resource 17...
Trace|Writing image in Raw mode
Trace|Transparency image...
Trace|Writing image header...
Trace|Width: 12, Height: 13, RowLength: 48
Trace|BPP: 32, PaletteColors: 0, Transaparency: 0
Trace|Writing image...
Trace|Resource 18 offset is 191256...
Debug|Encoding resource 18...
Trace|Writing image in Raw mode
Trace|Transparency image...
Trace|Writing image header...
Trace|Width: 12, Height: 13, RowLength: 48
Trace|BPP: 32, PaletteColors: 0, Transaparency: 0
Trace|Writing image...
Trace|Resource 19 offset is 191896...
Debug|Encoding resource 19...
Trace|Writing image in Raw mode
Trace|Transparency image...
Trace|Writing image header...
Trace|Width: 12, Height: 13, RowLength: 48
Trace|BPP: 32, PaletteColors: 0, Transaparency: 0
Trace|Writing image...
Trace|Resource 20 offset is 192536...
Debug|Encoding resource 20...
Trace|Writing image in Raw mode
Trace|Transparency image...
Trace|Writing image header...
Trace|Width: 12, Height: 13, RowLength: 48
Trace|BPP: 32, PaletteColors: 0, Transaparency: 0
Trace|Writing image...
Trace|Resource 21 offset is 193176...
Debug|Encoding resource 21...
Trace|Writing image in Raw mode
Trace|Transparency image...
Trace|Writing image header...
Trace|Width: 1, Height: 1, RowLength: 4
Trace|BPP: 32, PaletteColors: 0, Transaparency: 0
Trace|Writing image...
Trace|Resource 22 offset is 193196...
Debug|Encoding resource 22...
Trace|Writing image in Raw mode
Trace|Transparency image...
Trace|Writing image header...
Trace|Width: 1, Height: 1, RowLength: 4
Trace|BPP: 32, PaletteColors: 0, Transaparency: 0
Trace|Writing image...
Trace|Resource 23 offset is 193216...
Debug|Encoding resource 23...
Trace|Writing image in Raw mode
Trace|Transparency image...
Trace|Writing image header...
Trace|Width: 1, Height: 1, RowLength: 4
Trace|BPP: 32, PaletteColors: 0, Transaparency: 0
Trace|Writing image...
Trace|Resource 24 offset is 193236...
Debug|Encoding resource 24...
Trace|Writing image in Raw mode
Trace|Transparency image...
Trace|Writing image header...
Trace|Width: 1, Height: 1, RowLength: 4
Trace|BPP: 32, PaletteColors: 0, Transaparency: 0
Trace|Writing image...
Trace|Resource 25 offset is 193256...
Debug|Encoding resource 25...
Trace|Writing image in Raw mode
Trace|Transparency image...
Trace|Writing image header...
Trace|Width: 1, Height: 1, RowLength: 4
Trace|BPP: 32, PaletteColors: 0, Transaparency: 0
Trace|Writing image...
Trace|Resource 26 offset is 193276...
Debug|Encoding resource 26...
Trace|Writing image in Raw mode
Trace|Transparency image...
Trace|Writing image header...
Trace|Width: 1, Height: 1, RowLength: 4
Trace|BPP: 32, PaletteColors: 0, Transaparency: 0
Trace|Writing image...
Trace|Resource 27 offset is 193296...
Debug|Encoding resource 27...
Trace|Writing image in Raw mode
Trace|Transparency image...
Trace|Writing image header...
Trace|Width: 1, Height: 1, RowLength: 4
Trace|BPP: 32, PaletteColors: 0, Transaparency: 0
Trace|Writing image...
Trace|Resource 28 offset is 193316...
Debug|Encoding resource 28...
Trace|Writing image in Raw mode
Trace|Transparency image...
Trace|Writing image header...
Trace|Width: 1, Height: 1, RowLength: 4
Trace|BPP: 32, PaletteColors: 0, Transaparency: 0
Trace|Writing image...
Trace|Resource 29 offset is 193336...
Debug|Encoding resource 29...
Trace|Writing image in Raw mode
Trace|Transparency image...
Trace|Writing image header...
Trace|Width: 1, Height: 1, RowLength: 4
Trace|BPP: 32, PaletteColors: 0, Transaparency: 0
Trace|Writing image...
Trace|Resource 30 offset is 193356...
Debug|Encoding resource 30...
Trace|Writing image in Raw mode
Trace|Transparency image...
Trace|Writing image header...
Trace|Width: 1, Height: 1, RowLength: 4
Trace|BPP: 32, PaletteColors: 0, Transaparency: 0
Trace|Writing image...
Trace|Resource 31 offset is 193376...
Debug|Encoding resource 31...
Trace|Writing image in Raw mode
Trace|Transparency image...
Trace|Writing image header...
Trace|Width: 1, Height: 1, RowLength: 4
Trace|BPP: 32, PaletteColors: 0, Transaparency: 0
Trace|Writing image...
Trace|Resource 32 offset is 193396...
Debug|Encoding resource 32...
Trace|Writing image in Raw mode
Trace|Transparency image...
Trace|Writing image header...
Trace|Width: 1, Height: 1, RowLength: 4
Trace|BPP: 32, PaletteColors: 0, Transaparency: 0
Trace|Writing image...
Trace|Resource 33 offset is 193416...
Debug|Encoding resource 33...
Trace|Writing image in Raw mode
Trace|Transparency image...
Trace|Writing image header...
Trace|Width: 1, Height: 1, RowLength: 4
Trace|BPP: 32, PaletteColors: 0, Transaparency: 0
Trace|Writing image...
Trace|Resource 34 offset is 193436...
Debug|Encoding resource 34...
Trace|Writing image in Raw mode
Trace|Transparency image...
Trace|Writing image header...
Trace|Width: 1, Height: 1, RowLength: 4
Trace|BPP: 32, PaletteColors: 0, Transaparency: 0
Trace|Writing image...
Trace|Resource 35 offset is 193456...
Debug|Encoding resource 35...
Trace|Writing image in Raw mode
Trace|Transparency image...
Trace|Writing image header...
Trace|Width: 34, Height: 13, RowLength: 136
Trace|BPP: 32, PaletteColors: 0, Transaparency: 0
Trace|Writing image...
Trace|Resource 36 offset is 195240...
Debug|Encoding resource 36...
Trace|Writing image in Raw mode
Trace|Transparency image...
Trace|Writing image header...
Trace|Width: 34, Height: 13, RowLength: 136
Trace|BPP: 32, PaletteColors: 0, Transaparency: 0
Trace|Writing image...
Trace|Resource 37 offset is 197024...
Debug|Encoding resource 37...
Trace|Writing image in Raw mode
Trace|Transparency image...
Trace|Writing image header...
Trace|Width: 34, Height: 13, RowLength: 136
Trace|BPP: 32, PaletteColors: 0, Transaparency: 0
Trace|Writing image...
Trace|Resource 38 offset is 198808...
Debug|Encoding resource 38...
Trace|Writing image in Raw mode
Trace|Transparency image...
Trace|Writing image header...
Trace|Width: 34, Height: 13, RowLength: 136
Trace|BPP: 32, PaletteColors: 0, Transaparency: 0
Trace|Writing image...
Trace|Resource 39 offset is 200592...
Debug|Encoding resource 39...
Trace|Writing image in Raw mode
Trace|Transparency image...
Trace|Writing image header...
Trace|Width: 34, Height: 13, RowLength: 136
Trace|BPP: 32, PaletteColors: 0, Transaparency: 0
Trace|Writing image...
Trace|Resource 40 offset is 202376...
Debug|Encoding resource 40...
Trace|Writing image in Raw mode
Trace|Transparency image...
Trace|Writing image header...
Trace|Width: 34, Height: 13, RowLength: 136
Trace|BPP: 32, PaletteColors: 0, Transaparency: 0
Trace|Writing image...
Trace|Resource 41 offset is 204160...
Debug|Encoding resource 41...
Trace|Writing image in Raw mode
Trace|Transparency image...
Trace|Writing image header...
Trace|Width: 34, Height: 13, RowLength: 136
Trace|BPP: 32, PaletteColors: 0, Transaparency: 0
Trace|Writing image...
Trace|Resource 42 offset is 205944...
Debug|Encoding resource 42...
Trace|Writing image in Raw mode
Trace|Transparency image...
Trace|Writing image header...
Trace|Width: 5, Height: 5, RowLength: 20
Trace|BPP: 32, PaletteColors: 0, Transaparency: 0
Trace|Writing image...
Trace|Resource 43 offset is 206060...
Debug|Encoding resource 43...
Trace|Writing image in Raw mode
Trace|Transparency image...
Trace|Writing image header...
Trace|Width: 7, Height: 7, RowLength: 28
Trace|BPP: 32, PaletteColors: 0, Transaparency: 0
Trace|Writing image...
Trace|Resource 44 offset is 206272...
Debug|Encoding resource 44...
Trace|Writing image in Raw mode
Trace|Transparency image...
Trace|Writing image header...
Trace|Width: 7, Height: 7, RowLength: 28
Trace|BPP: 32, PaletteColors: 0, Transaparency: 0
Trace|Writing image...
Trace|Resource 45 offset is 206484...
Debug|Encoding resource 45...
Trace|Writing image in Raw mode
Trace|Transparency image...
Trace|Writing image header...
Trace|Width: 6, Height: 6, RowLength: 24
Trace|BPP: 32, PaletteColors: 0, Transaparency: 0
Trace|Writing image...
Trace|Resource 46 offset is 206644...
Debug|Encoding resource 46...
Trace|Writing image in Raw mode
Trace|Transparency image...
Trace|Writing image header...
Trace|Width: 7, Height: 7, RowLength: 28
Trace|BPP: 32, PaletteColors: 0, Transaparency: 0
Trace|Writing image...
Trace|Resource 47 offset is 206856...
Debug|Encoding resource 47...
Trace|Writing image in Raw mode
Trace|Transparency image...
Trace|Writing image header...
Trace|Width: 6, Height: 6, RowLength: 24
Trace|BPP: 32, PaletteColors: 0, Transaparency: 0
Trace|Writing image...
Trace|Resource 48 offset is 207016...
Debug|Encoding resource 48...
Trace|Writing image in Raw mode
Trace|Transparency image...
Trace|Writing image header...
Trace|Width: 7, Height: 7, RowLength: 28
Trace|BPP: 32, PaletteColors: 0, Transaparency: 0
Trace|Writing image...
Trace|Resource 49 offset is 207228...
Debug|Encoding resource 49...
Trace|Writing image in Raw mode
Trace|Transparency image...
Trace|Writing image header...
Trace|Width: 7, Height: 7, RowLength: 28
Trace|BPP: 32, PaletteColors: 0, Transaparency: 0
Trace|Writing image...
Trace|Resource 50 offset is 207440...
Debug|Encoding resource 50...
Trace|Writing image in Raw mode
Trace|Transparency image...
Trace|Writing image header...
Trace|Width: 7, Height: 7, RowLength: 28
Trace|BPP: 32, PaletteColors: 0, Transaparency: 0
Trace|Writing image...
Trace|Resource 51 offset is 207652...
Debug|Encoding resource 51...
Trace|Writing image in Raw mode
Trace|Transparency image...
Trace|Writing image header...
Trace|Width: 6, Height: 6, RowLength: 24
Trace|BPP: 32, PaletteColors: 0, Transaparency: 0
Trace|Writing image...
Trace|Resource 52 offset is 207812...
Debug|Encoding resource 52...
Trace|Writing image in Raw mode
Trace|Transparency image...
Trace|Writing image header...
Trace|Width: 8, Height: 25, RowLength: 32
Trace|BPP: 32, PaletteColors: 0, Transaparency: 0
Trace|Writing image...
Trace|Resource 53 offset is 208628...
Debug|Encoding resource 53...
Trace|Writing image in Raw mode
Trace|Transparency image...
Trace|Writing image header...
Trace|Width: 10, Height: 25, RowLength: 40
Trace|BPP: 32, PaletteColors: 0, Transaparency: 0
Trace|Writing image...
Trace|Resource 54 offset is 209644...
Debug|Encoding resource 54...
Trace|Writing image in Raw mode
Trace|Transparency image...
Trace|Writing image header...
Trace|Width: 12, Height: 25, RowLength: 48
Trace|BPP: 32, PaletteColors: 0, Transaparency: 0
Trace|Writing image...
Trace|Resource 55 offset is 210860...
Debug|Encoding resource 55...
Trace|Writing image in Raw mode
Trace|Transparency image...
Trace|Writing image header...
Trace|Width: 14, Height: 25, RowLength: 56
Trace|BPP: 32, PaletteColors: 0, Transaparency: 0
Trace|Writing image...
Trace|Resource 56 offset is 212276...
Debug|Encoding resource 56...
Trace|Writing image in Raw mode
Trace|Transparency image...
Trace|Writing image header...
Trace|Width: 16, Height: 25, RowLength: 64
Trace|BPP: 32, PaletteColors: 0, Transaparency: 0
Trace|Writing image...
Trace|Resource 57 offset is 213892...
Debug|Encoding resource 57...
Trace|Writing image in Raw mode
Trace|Transparency image...
Trace|Writing image header...
Trace|Width: 19, Height: 25, RowLength: 76
Trace|BPP: 32, PaletteColors: 0, Transaparency: 0
Trace|Writing image...
Trace|Resource 58 offset is 215808...
Debug|Encoding resource 58...
Trace|Writing image in Raw mode
Trace|Transparency image...
Trace|Writing image header...
Trace|Width: 21, Height: 25, RowLength: 84
Trace|BPP: 32, PaletteColors: 0, Transaparency: 0
Trace|Writing image...
Trace|Resource 59 offset is 217924...
Debug|Encoding resource 59...
Trace|Writing image in Raw mode
Trace|Transparency image...
Trace|Writing image header...
Trace|Width: 23, Height: 25, RowLength: 92
Trace|BPP: 32, PaletteColors: 0, Transaparency: 0
Trace|Writing image...
Trace|Resource 60 offset is 220240...
Debug|Encoding resource 60...
Trace|Writing image in Raw mode
Trace|Transparency image...
Trace|Writing image header...
Trace|Width: 25, Height: 25, RowLength: 100
Trace|BPP: 32, PaletteColors: 0, Transaparency: 0
Trace|Writing image...
Trace|Resource 61 offset is 222756...
Debug|Encoding resource 61...
Trace|Writing image in Raw mode
Trace|Transparency image...
Trace|Writing image header...
Trace|Width: 17, Height: 17, RowLength: 68
Trace|BPP: 32, PaletteColors: 0, Transaparency: 0
Trace|Writing image...
Trace|Writing resources offsets table
Debug|Writing resources
